<?xml version="1.0" encoding="UTF-8"?>
<robot generator="Robot 6.0.2 (Python 3.11.2 on win32)" generated="20230329 09:58:53.270" rpa="false" schemaversion="3">
<suite id="s1" name="T" source="F:\t">
<suite id="s1-s1" name="Ro" source="F:\t\ro.robot">
<kw name="Open Browser" library="SeleniumLibrary" type="SETUP">
<arg>https://demoqa.com/automation-practice-form</arg>
<arg>chrome</arg>
<doc>Opens a new browser instance to the optional ``url``.</doc>
<msg timestamp="20230329 09:58:53.624" level="INFO">Opening browser 'chrome' to base url 'https://demoqa.com/automation-practice-form'.</msg>
<status status="PASS" starttime="20230329 09:58:53.622" endtime="20230329 09:59:02.541"/>
</kw>
<test id="s1-s1-t1" name="Access to Forms page" line="7">
<kw name="Maximize Browser Window" library="SeleniumLibrary">
<doc>Maximizes current browser window.</doc>
<status status="PASS" starttime="20230329 09:59:02.545" endtime="20230329 09:59:02.711"/>
</kw>
<status status="PASS" starttime="20230329 09:59:02.542" endtime="20230329 09:59:02.713"/>
</test>
<kw name="Close Browser" library="SeleniumLibrary" type="TEARDOWN">
<doc>Closes the current browser.</doc>
<status status="PASS" starttime="20230329 09:59:02.731" endtime="20230329 09:59:05.040"/>
</kw>
<status status="PASS" starttime="20230329 09:58:53.309" endtime="20230329 09:59:05.041"/>
</suite>
<status status="PASS" starttime="20230329 09:58:53.276" endtime="20230329 09:59:05.044"/>
</suite>
<statistics>
<total>
<stat pass="1" fail="0" skip="0">All Tests</stat>
</total>
<tag>
</tag>
<suite>
<stat pass="1" fail="0" skip="0" id="s1" name="T">T</stat>
<stat pass="1" fail="0" skip="0" id="s1-s1" name="Ro">T.Ro</stat>
</suite>
</statistics>
<errors>
</errors>
</robot>
